<?xml version="1.0" encoding="UTF-8"?>
<!-- Generated by org.testng.reporters.JUnitReportReporter -->
<testsuite hostname="iMac-ipaparazzi" failures="0" tests="1" name="com.telran.tests.bookstore.SearchBookTest" time="25.182" errors="0" timestamp="2022-11-02T09:01:23 CET" skipped="0">
  <testcase classname="com.telran.tests.bookstore.SearchBookTest" name="searchBookPositiveTestForGuest" time="25.182"/>
  <system-out/>
</testsuite> <!-- com.telran.tests.bookstore.SearchBookTest -->
